<?xml version="1.0" encoding="UTF-8"?>
<testsuite xmlns:xsi="http://www.w3.org/2001/XMLSchema-instance" xsi:noNamespaceSchemaLocation="https://maven.apache.org/surefire/maven-surefire-plugin/xsd/surefire-test-report-3.0.xsd" version="3.0" name="PhiTest" time="0.008" tests="0" errors="0" skipped="0" failures="0">
  <properties>
    <property name="java.specification.version" value="17"/>
    <property name="sun.cpu.isalist" value="amd64"/>
    <property name="sun.jnu.encoding" value="GBK"/>
    <property name="java.class.path" value="D:\underlyingProtocol\已经结束的使用阻塞队列和守护进程\tpchainbabel\将时钟分离的\babel-ipc-master\target\test-classes;D:\underlyingProtocol\已经结束的使用阻塞队列和守护进程\tpchainbabel\将时钟分离的\babel-ipc-master\target\classes;C:\Users\闫刚\.m2\repository\pt\unl\fct\di\novasys\network-layer\2.0.42\network-layer-2.0.42.jar;C:\Users\闫刚\.m2\repository\org\apache\logging\log4j\log4j-core\2.20.0\log4j-core-2.20.0.jar;C:\Users\闫刚\.m2\repository\org\apache\logging\log4j\log4j-api\2.20.0\log4j-api-2.20.0.jar;C:\Users\闫刚\.m2\repository\io\netty\netty-all\4.1.89.Final\netty-all-4.1.89.Final.jar;C:\Users\闫刚\.m2\repository\io\netty\netty-buffer\4.1.89.Final\netty-buffer-4.1.89.Final.jar;C:\Users\闫刚\.m2\repository\io\netty\netty-codec\4.1.89.Final\netty-codec-4.1.89.Final.jar;C:\Users\闫刚\.m2\repository\io\netty\netty-codec-dns\4.1.89.Final\netty-codec-dns-4.1.89.Final.jar;C:\Users\闫刚\.m2\repository\io\netty\netty-codec-haproxy\4.1.89.Final\netty-codec-haproxy-4.1.89.Final.jar;C:\Users\闫刚\.m2\repository\io\netty\netty-codec-http\4.1.89.Final\netty-codec-http-4.1.89.Final.jar;C:\Users\闫刚\.m2\repository\io\netty\netty-codec-http2\4.1.89.Final\netty-codec-http2-4.1.89.Final.jar;C:\Users\闫刚\.m2\repository\io\netty\netty-codec-memcache\4.1.89.Final\netty-codec-memcache-4.1.89.Final.jar;C:\Users\闫刚\.m2\repository\io\netty\netty-codec-mqtt\4.1.89.Final\netty-codec-mqtt-4.1.89.Final.jar;C:\Users\闫刚\.m2\repository\io\netty\netty-codec-redis\4.1.89.Final\netty-codec-redis-4.1.89.Final.jar;C:\Users\闫刚\.m2\repository\io\netty\netty-codec-smtp\4.1.89.Final\netty-codec-smtp-4.1.89.Final.jar;C:\Users\闫刚\.m2\repository\io\netty\netty-codec-socks\4.1.89.Final\netty-codec-socks-4.1.89.Final.jar;C:\Users\闫刚\.m2\repository\io\netty\netty-codec-stomp\4.1.89.Final\netty-codec-stomp-4.1.89.Final.jar;C:\Users\闫刚\.m2\repository\io\netty\netty-codec-xml\4.1.89.Final\netty-codec-xml-4.1.89.Final.jar;C:\Users\闫刚\.m2\repository\io\netty\netty-common\4.1.89.Final\netty-common-4.1.89.Final.jar;C:\Users\闫刚\.m2\repository\io\netty\netty-handler\4.1.89.Final\netty-handler-4.1.89.Final.jar;C:\Users\闫刚\.m2\repository\io\netty\netty-transport-native-unix-common\4.1.89.Final\netty-transport-native-unix-common-4.1.89.Final.jar;C:\Users\闫刚\.m2\repository\io\netty\netty-handler-proxy\4.1.89.Final\netty-handler-proxy-4.1.89.Final.jar;C:\Users\闫刚\.m2\repository\io\netty\netty-handler-ssl-ocsp\4.1.89.Final\netty-handler-ssl-ocsp-4.1.89.Final.jar;C:\Users\闫刚\.m2\repository\io\netty\netty-resolver\4.1.89.Final\netty-resolver-4.1.89.Final.jar;C:\Users\闫刚\.m2\repository\io\netty\netty-resolver-dns\4.1.89.Final\netty-resolver-dns-4.1.89.Final.jar;C:\Users\闫刚\.m2\repository\io\netty\netty-transport\4.1.89.Final\netty-transport-4.1.89.Final.jar;C:\Users\闫刚\.m2\repository\io\netty\netty-transport-rxtx\4.1.89.Final\netty-transport-rxtx-4.1.89.Final.jar;C:\Users\闫刚\.m2\repository\io\netty\netty-transport-sctp\4.1.89.Final\netty-transport-sctp-4.1.89.Final.jar;C:\Users\闫刚\.m2\repository\io\netty\netty-transport-udt\4.1.89.Final\netty-transport-udt-4.1.89.Final.jar;C:\Users\闫刚\.m2\repository\io\netty\netty-transport-classes-epoll\4.1.89.Final\netty-transport-classes-epoll-4.1.89.Final.jar;C:\Users\闫刚\.m2\repository\io\netty\netty-transport-classes-kqueue\4.1.89.Final\netty-transport-classes-kqueue-4.1.89.Final.jar;C:\Users\闫刚\.m2\repository\io\netty\netty-resolver-dns-classes-macos\4.1.89.Final\netty-resolver-dns-classes-macos-4.1.89.Final.jar;C:\Users\闫刚\.m2\repository\io\netty\netty-transport-native-epoll\4.1.89.Final\netty-transport-native-epoll-4.1.89.Final-linux-x86_64.jar;C:\Users\闫刚\.m2\repository\io\netty\netty-transport-native-epoll\4.1.89.Final\netty-transport-native-epoll-4.1.89.Final-linux-aarch_64.jar;C:\Users\闫刚\.m2\repository\io\netty\netty-transport-native-kqueue\4.1.89.Final\netty-transport-native-kqueue-4.1.89.Final-osx-x86_64.jar;C:\Users\闫刚\.m2\repository\io\netty\netty-transport-native-kqueue\4.1.89.Final\netty-transport-native-kqueue-4.1.89.Final-osx-aarch_64.jar;C:\Users\闫刚\.m2\repository\io\netty\netty-resolver-dns-native-macos\4.1.89.Final\netty-resolver-dns-native-macos-4.1.89.Final-osx-x86_64.jar;C:\Users\闫刚\.m2\repository\io\netty\netty-resolver-dns-native-macos\4.1.89.Final\netty-resolver-dns-native-macos-4.1.89.Final-osx-aarch_64.jar;C:\Users\闫刚\.m2\repository\org\apache\commons\commons-lang3\3.12.0\commons-lang3-3.12.0.jar;C:\Users\闫刚\.m2\repository\org\apache\commons\commons-collections4\4.4\commons-collections4-4.4.jar;"/>
    <property name="java.vm.vendor" value="Oracle Corporation"/>
    <property name="sun.arch.data.model" value="64"/>
    <property name="user.variant" value=""/>
    <property name="java.vendor.url" value="https://java.oracle.com/"/>
    <property name="user.timezone" value="Asia/Shanghai"/>
    <property name="os.name" value="Windows 11"/>
    <property name="java.vm.specification.version" value="17"/>
    <property name="sun.java.launcher" value="SUN_STANDARD"/>
    <property name="user.country" value="CN"/>
    <property name="sun.boot.library.path" value="D:\tools\Java\jdk-17.0.4.1\bin"/>
    <property name="sun.java.command" value="C:\Windows\Temp\surefire6405095727238927808\surefirebooter-20230822151958027_3.jar C:\Windows\Temp\surefire6405095727238927808 2023-08-22T15-19-57_926-jvmRun1 surefire-20230822151958027_1tmp surefire_0-20230822151958027_2tmp"/>
    <property name="jdk.debug" value="release"/>
    <property name="surefire.test.class.path" value="D:\underlyingProtocol\已经结束的使用阻塞队列和守护进程\tpchainbabel\将时钟分离的\babel-ipc-master\target\test-classes;D:\underlyingProtocol\已经结束的使用阻塞队列和守护进程\tpchainbabel\将时钟分离的\babel-ipc-master\target\classes;C:\Users\闫刚\.m2\repository\pt\unl\fct\di\novasys\network-layer\2.0.42\network-layer-2.0.42.jar;C:\Users\闫刚\.m2\repository\org\apache\logging\log4j\log4j-core\2.20.0\log4j-core-2.20.0.jar;C:\Users\闫刚\.m2\repository\org\apache\logging\log4j\log4j-api\2.20.0\log4j-api-2.20.0.jar;C:\Users\闫刚\.m2\repository\io\netty\netty-all\4.1.89.Final\netty-all-4.1.89.Final.jar;C:\Users\闫刚\.m2\repository\io\netty\netty-buffer\4.1.89.Final\netty-buffer-4.1.89.Final.jar;C:\Users\闫刚\.m2\repository\io\netty\netty-codec\4.1.89.Final\netty-codec-4.1.89.Final.jar;C:\Users\闫刚\.m2\repository\io\netty\netty-codec-dns\4.1.89.Final\netty-codec-dns-4.1.89.Final.jar;C:\Users\闫刚\.m2\repository\io\netty\netty-codec-haproxy\4.1.89.Final\netty-codec-haproxy-4.1.89.Final.jar;C:\Users\闫刚\.m2\repository\io\netty\netty-codec-http\4.1.89.Final\netty-codec-http-4.1.89.Final.jar;C:\Users\闫刚\.m2\repository\io\netty\netty-codec-http2\4.1.89.Final\netty-codec-http2-4.1.89.Final.jar;C:\Users\闫刚\.m2\repository\io\netty\netty-codec-memcache\4.1.89.Final\netty-codec-memcache-4.1.89.Final.jar;C:\Users\闫刚\.m2\repository\io\netty\netty-codec-mqtt\4.1.89.Final\netty-codec-mqtt-4.1.89.Final.jar;C:\Users\闫刚\.m2\repository\io\netty\netty-codec-redis\4.1.89.Final\netty-codec-redis-4.1.89.Final.jar;C:\Users\闫刚\.m2\repository\io\netty\netty-codec-smtp\4.1.89.Final\netty-codec-smtp-4.1.89.Final.jar;C:\Users\闫刚\.m2\repository\io\netty\netty-codec-socks\4.1.89.Final\netty-codec-socks-4.1.89.Final.jar;C:\Users\闫刚\.m2\repository\io\netty\netty-codec-stomp\4.1.89.Final\netty-codec-stomp-4.1.89.Final.jar;C:\Users\闫刚\.m2\repository\io\netty\netty-codec-xml\4.1.89.Final\netty-codec-xml-4.1.89.Final.jar;C:\Users\闫刚\.m2\repository\io\netty\netty-common\4.1.89.Final\netty-common-4.1.89.Final.jar;C:\Users\闫刚\.m2\repository\io\netty\netty-handler\4.1.89.Final\netty-handler-4.1.89.Final.jar;C:\Users\闫刚\.m2\repository\io\netty\netty-transport-native-unix-common\4.1.89.Final\netty-transport-native-unix-common-4.1.89.Final.jar;C:\Users\闫刚\.m2\repository\io\netty\netty-handler-proxy\4.1.89.Final\netty-handler-proxy-4.1.89.Final.jar;C:\Users\闫刚\.m2\repository\io\netty\netty-handler-ssl-ocsp\4.1.89.Final\netty-handler-ssl-ocsp-4.1.89.Final.jar;C:\Users\闫刚\.m2\repository\io\netty\netty-resolver\4.1.89.Final\netty-resolver-4.1.89.Final.jar;C:\Users\闫刚\.m2\repository\io\netty\netty-resolver-dns\4.1.89.Final\netty-resolver-dns-4.1.89.Final.jar;C:\Users\闫刚\.m2\repository\io\netty\netty-transport\4.1.89.Final\netty-transport-4.1.89.Final.jar;C:\Users\闫刚\.m2\repository\io\netty\netty-transport-rxtx\4.1.89.Final\netty-transport-rxtx-4.1.89.Final.jar;C:\Users\闫刚\.m2\repository\io\netty\netty-transport-sctp\4.1.89.Final\netty-transport-sctp-4.1.89.Final.jar;C:\Users\闫刚\.m2\repository\io\netty\netty-transport-udt\4.1.89.Final\netty-transport-udt-4.1.89.Final.jar;C:\Users\闫刚\.m2\repository\io\netty\netty-transport-classes-epoll\4.1.89.Final\netty-transport-classes-epoll-4.1.89.Final.jar;C:\Users\闫刚\.m2\repository\io\netty\netty-transport-classes-kqueue\4.1.89.Final\netty-transport-classes-kqueue-4.1.89.Final.jar;C:\Users\闫刚\.m2\repository\io\netty\netty-resolver-dns-classes-macos\4.1.89.Final\netty-resolver-dns-classes-macos-4.1.89.Final.jar;C:\Users\闫刚\.m2\repository\io\netty\netty-transport-native-epoll\4.1.89.Final\netty-transport-native-epoll-4.1.89.Final-linux-x86_64.jar;C:\Users\闫刚\.m2\repository\io\netty\netty-transport-native-epoll\4.1.89.Final\netty-transport-native-epoll-4.1.89.Final-linux-aarch_64.jar;C:\Users\闫刚\.m2\repository\io\netty\netty-transport-native-kqueue\4.1.89.Final\netty-transport-native-kqueue-4.1.89.Final-osx-x86_64.jar;C:\Users\闫刚\.m2\repository\io\netty\netty-transport-native-kqueue\4.1.89.Final\netty-transport-native-kqueue-4.1.89.Final-osx-aarch_64.jar;C:\Users\闫刚\.m2\repository\io\netty\netty-resolver-dns-native-macos\4.1.89.Final\netty-resolver-dns-native-macos-4.1.89.Final-osx-x86_64.jar;C:\Users\闫刚\.m2\repository\io\netty\netty-resolver-dns-native-macos\4.1.89.Final\netty-resolver-dns-native-macos-4.1.89.Final-osx-aarch_64.jar;C:\Users\闫刚\.m2\repository\org\apache\commons\commons-lang3\3.12.0\commons-lang3-3.12.0.jar;C:\Users\闫刚\.m2\repository\org\apache\commons\commons-collections4\4.4\commons-collections4-4.4.jar;"/>
    <property name="sun.cpu.endian" value="little"/>
    <property name="user.home" value="C:\Users\闫刚"/>
    <property name="user.language" value="zh"/>
    <property name="java.specification.vendor" value="Oracle Corporation"/>
    <property name="java.version.date" value="2022-08-18"/>
    <property name="java.home" value="D:\tools\Java\jdk-17.0.4.1"/>
    <property name="file.separator" value="\"/>
    <property name="basedir" value="D:\underlyingProtocol\已经结束的使用阻塞队列和守护进程\tpchainbabel\将时钟分离的\babel-ipc-master"/>
    <property name="java.vm.compressedOopsMode" value="Zero based"/>
    <property name="line.separator" value="&#10;"/>
    <property name="java.vm.specification.vendor" value="Oracle Corporation"/>
    <property name="java.specification.name" value="Java Platform API Specification"/>
    <property name="surefire.real.class.path" value="C:\Windows\Temp\surefire6405095727238927808\surefirebooter-20230822151958027_3.jar"/>
    <property name="user.script" value=""/>
    <property name="sun.management.compiler" value="HotSpot 64-Bit Tiered Compilers"/>
    <property name="java.runtime.version" value="17.0.4.1+1-LTS-2"/>
    <property name="user.name" value="闫刚"/>
    <property name="path.separator" value=";"/>
    <property name="os.version" value="10.0"/>
    <property name="java.runtime.name" value="Java(TM) SE Runtime Environment"/>
    <property name="file.encoding" value="GBK"/>
    <property name="java.vm.name" value="Java HotSpot(TM) 64-Bit Server VM"/>
    <property name="localRepository" value="C:\Users\闫刚\.m2\repository"/>
    <property name="java.vendor.url.bug" value="https://bugreport.java.com/bugreport/"/>
    <property name="java.io.tmpdir" value="C:\WINDOWS\TEMP\"/>
    <property name="idea.version" value="2023.2"/>
    <property name="java.version" value="17.0.4.1"/>
    <property name="user.dir" value="D:\underlyingProtocol\已经结束的使用阻塞队列和守护进程\tpchainbabel\将时钟分离的\babel-ipc-master"/>
    <property name="os.arch" value="amd64"/>
    <property name="java.vm.specification.name" value="Java Virtual Machine Specification"/>
    <property name="sun.os.patch.level" value=""/>
    <property name="native.encoding" value="GBK"/>
    <property name="java.library.path" value="D:\tools\Java\jdk-17.0.4.1\bin;C:\WINDOWS\Sun\Java\bin;C:\WINDOWS\system32;C:\WINDOWS;C:\Program Files\Common Files\Oracle\Java\javapath;D:\tools\VMware\VMwareWorkstation\bin\;C:\windows\system32;C:\windows;C:\windows\System32\Wbem;C:\windows\System32\WindowsPowerShell\v1.0\;C:\windows\System32\OpenSSH\;C:\Program Files (x86)\NVIDIA Corporation\PhysX\Common;C:\Program Files\dotnet\;D:\tools\NetSarang\Xshell 7\;C:\WINDOWS\system32;C:\WINDOWS;C:\WINDOWS\System32\Wbem;C:\WINDOWS\System32\WindowsPowerShell\v1.0\;C:\WINDOWS\System32\OpenSSH\;C:\Program Files\NVIDIA Corporation\NVIDIA NvDLISR;D:\tools\Go120\bin;D:\tools\Git\cmd;D:\tools\NetSarang\Xftp 7\;D:\tools\Python\Python310\Scripts\;D:\tools\Python\Python310\;C:\Users\闫刚\AppData\Local\Microsoft\WindowsApps;C:\Users\闫刚\.dotnet\tools;D:\tools\JetBrains\PyCharm 2022.1.1\bin;;C:\Users\闫刚\go\bin;D:\tools\Microsoft VS Code\bin;C:\texlive\2023\bin\windows;."/>
    <property name="java.vm.info" value="mixed mode, sharing"/>
    <property name="java.vendor" value="Oracle Corporation"/>
    <property name="java.vm.version" value="17.0.4.1+1-LTS-2"/>
    <property name="sun.io.unicode.encoding" value="UnicodeLittle"/>
    <property name="java.class.version" value="61.0"/>
  </properties>
</testsuite>